2020-04-28 19:07:42.426  INFO 25842 --- [main] ru.datana.steel.plc.DatanaPlcClientApp   : Starting DatanaPlcClientApp on lin-pc with PID 25842 (/home/lin/work-lanit/Datata-Kafla-Gateway-K7/target/classes started by lin in /home/lin/work-lanit/Datata-Kafla-Gateway-K7)
2020-04-28 19:07:42.427 DEBUG 25842 --- [main] ru.datana.steel.plc.DatanaPlcClientApp   : Running with Spring Boot v2.2.6.RELEASE, Spring v5.2.5.RELEASE
2020-04-28 19:07:42.427  INFO 25842 --- [main] ru.datana.steel.plc.DatanaPlcClientApp   : The following profiles are active: dev_client
2020-04-28 19:07:43.366  INFO 25842 --- [main] trationDelegate$BeanPostProcessorChecker : Bean 'asyncClientConfig' of type [ru.datana.steel.plc.config.AsyncClientConfig$$EnhancerBySpringCGLIB$$a75e126b] is not eligible for getting processed by all BeanPostProcessors (for example: not eligible for auto-proxying)
2020-04-28 19:07:43.472  WARN 25842 --- [main] s.c.a.AnnotationConfigApplicationContext : Exception encountered during context initialization - cancelling refresh attempt: org.springframework.beans.factory.BeanCreationException: Error creating bean with name 'datanaPlcClientApp': Injection of autowired dependencies failed; nested exception is java.lang.IllegalArgumentException: Could not resolve placeholder 'datana.plc-server.sleep-on-fatal-error' in value "${datana.plc-server.sleep-on-fatal-error}"
2020-04-28 19:07:43.492  INFO 25842 --- [main] ConditionEvaluationReportLoggingListener : 

Error starting ApplicationContext. To display the conditions report re-run your application with 'debug' enabled.
2020-04-28 19:07:43.502 ERROR 25842 --- [main] o.s.boot.SpringApplication               : Application run failed

org.springframework.beans.factory.BeanCreationException: Error creating bean with name 'datanaPlcClientApp': Injection of autowired dependencies failed; nested exception is java.lang.IllegalArgumentException: Could not resolve placeholder 'datana.plc-server.sleep-on-fatal-error' in value "${datana.plc-server.sleep-on-fatal-error}"
	at org.springframework.beans.factory.annotation.AutowiredAnnotationBeanPostProcessor.postProcessProperties(AutowiredAnnotationBeanPostProcessor.java:405) ~[spring-beans-5.2.5.RELEASE.jar:5.2.5.RELEASE]
	at org.springframework.beans.factory.support.AbstractAutowireCapableBeanFactory.populateBean(AbstractAutowireCapableBeanFactory.java:1422) ~[spring-beans-5.2.5.RELEASE.jar:5.2.5.RELEASE]
	at org.springframework.beans.factory.support.AbstractAutowireCapableBeanFactory.doCreateBean(AbstractAutowireCapableBeanFactory.java:594) ~[spring-beans-5.2.5.RELEASE.jar:5.2.5.RELEASE]
	at org.springframework.beans.factory.support.AbstractAutowireCapableBeanFactory.createBean(AbstractAutowireCapableBeanFactory.java:517) ~[spring-beans-5.2.5.RELEASE.jar:5.2.5.RELEASE]
	at org.springframework.beans.factory.support.AbstractBeanFactory.lambda$doGetBean$0(AbstractBeanFactory.java:323) ~[spring-beans-5.2.5.RELEASE.jar:5.2.5.RELEASE]
	at org.springframework.beans.factory.support.DefaultSingletonBeanRegistry.getSingleton(DefaultSingletonBeanRegistry.java:222) ~[spring-beans-5.2.5.RELEASE.jar:5.2.5.RELEASE]
	at org.springframework.beans.factory.support.AbstractBeanFactory.doGetBean(AbstractBeanFactory.java:321) ~[spring-beans-5.2.5.RELEASE.jar:5.2.5.RELEASE]
	at org.springframework.beans.factory.support.AbstractBeanFactory.getBean(AbstractBeanFactory.java:202) ~[spring-beans-5.2.5.RELEASE.jar:5.2.5.RELEASE]
	at org.springframework.beans.factory.support.DefaultListableBeanFactory.preInstantiateSingletons(DefaultListableBeanFactory.java:882) ~[spring-beans-5.2.5.RELEASE.jar:5.2.5.RELEASE]
	at org.springframework.context.support.AbstractApplicationContext.finishBeanFactoryInitialization(AbstractApplicationContext.java:878) ~[spring-context-5.2.5.RELEASE.jar:5.2.5.RELEASE]
	at org.springframework.context.support.AbstractApplicationContext.refresh(AbstractApplicationContext.java:550) ~[spring-context-5.2.5.RELEASE.jar:5.2.5.RELEASE]
	at org.springframework.boot.SpringApplication.refresh(SpringApplication.java:747) ~[spring-boot-2.2.6.RELEASE.jar:2.2.6.RELEASE]
	at org.springframework.boot.SpringApplication.refreshContext(SpringApplication.java:397) ~[spring-boot-2.2.6.RELEASE.jar:2.2.6.RELEASE]
	at org.springframework.boot.SpringApplication.run(SpringApplication.java:315) ~[spring-boot-2.2.6.RELEASE.jar:2.2.6.RELEASE]
	at ru.datana.steel.plc.DatanaPlcClientApp.main(DatanaPlcClientApp.java:88) ~[classes/:na]
Caused by: java.lang.IllegalArgumentException: Could not resolve placeholder 'datana.plc-server.sleep-on-fatal-error' in value "${datana.plc-server.sleep-on-fatal-error}"
	at org.springframework.util.PropertyPlaceholderHelper.parseStringValue(PropertyPlaceholderHelper.java:178) ~[spring-core-5.2.5.RELEASE.jar:5.2.5.RELEASE]
	at org.springframework.util.PropertyPlaceholderHelper.replacePlaceholders(PropertyPlaceholderHelper.java:124) ~[spring-core-5.2.5.RELEASE.jar:5.2.5.RELEASE]
	at org.springframework.core.env.AbstractPropertyResolver.doResolvePlaceholders(AbstractPropertyResolver.java:236) ~[spring-core-5.2.5.RELEASE.jar:5.2.5.RELEASE]
	at org.springframework.core.env.AbstractPropertyResolver.resolveRequiredPlaceholders(AbstractPropertyResolver.java:210) ~[spring-core-5.2.5.RELEASE.jar:5.2.5.RELEASE]
	at org.springframework.context.support.PropertySourcesPlaceholderConfigurer.lambda$processProperties$0(PropertySourcesPlaceholderConfigurer.java:175) ~[spring-context-5.2.5.RELEASE.jar:5.2.5.RELEASE]
	at org.springframework.beans.factory.support.AbstractBeanFactory.resolveEmbeddedValue(AbstractBeanFactory.java:909) ~[spring-beans-5.2.5.RELEASE.jar:5.2.5.RELEASE]
	at org.springframework.beans.factory.support.DefaultListableBeanFactory.doResolveDependency(DefaultListableBeanFactory.java:1231) ~[spring-beans-5.2.5.RELEASE.jar:5.2.5.RELEASE]
	at org.springframework.beans.factory.support.DefaultListableBeanFactory.resolveDependency(DefaultListableBeanFactory.java:1210) ~[spring-beans-5.2.5.RELEASE.jar:5.2.5.RELEASE]
	at org.springframework.beans.factory.annotation.AutowiredAnnotationBeanPostProcessor$AutowiredFieldElement.inject(AutowiredAnnotationBeanPostProcessor.java:640) ~[spring-beans-5.2.5.RELEASE.jar:5.2.5.RELEASE]
	at org.springframework.beans.factory.annotation.InjectionMetadata.inject(InjectionMetadata.java:130) ~[spring-beans-5.2.5.RELEASE.jar:5.2.5.RELEASE]
	at org.springframework.beans.factory.annotation.AutowiredAnnotationBeanPostProcessor.postProcessProperties(AutowiredAnnotationBeanPostProcessor.java:399) ~[spring-beans-5.2.5.RELEASE.jar:5.2.5.RELEASE]
	... 14 common frames omitted

2020-04-28 19:08:33.292  INFO 25978 --- [main] ru.datana.steel.plc.DatanaPlcClientApp   : Starting DatanaPlcClientApp on lin-pc with PID 25978 (/home/lin/work-lanit/Datata-Kafla-Gateway-K7/target/classes started by lin in /home/lin/work-lanit/Datata-Kafla-Gateway-K7)
2020-04-28 19:08:33.294 DEBUG 25978 --- [main] ru.datana.steel.plc.DatanaPlcClientApp   : Running with Spring Boot v2.2.6.RELEASE, Spring v5.2.5.RELEASE
2020-04-28 19:08:33.294  INFO 25978 --- [main] ru.datana.steel.plc.DatanaPlcClientApp   : The following profiles are active: dev_client
2020-04-28 19:08:33.925  INFO 25978 --- [main] trationDelegate$BeanPostProcessorChecker : Bean 'asyncClientConfig' of type [ru.datana.steel.plc.config.AsyncClientConfig$$EnhancerBySpringCGLIB$$76534215] is not eligible for getting processed by all BeanPostProcessors (for example: not eligible for auto-proxying)
2020-04-28 19:08:34.037  INFO 25978 --- [main] r.d.steel.plc.jms.PlcJmsClientListener   : [JMS:СlientListener] Запуск Клиент-JMS-сервиса.
2020-04-28 19:08:34.082  INFO 25978 --- [main] ru.datana.steel.plc.config.SpringConfig  : [SpringConfig] APP VERSION = Datana-PLC-Gateway-V2020-04-17_FixExit
2020-04-28 19:08:34.087  WARN 25978 --- [main] s.c.a.AnnotationConfigApplicationContext : Exception encountered during context initialization - cancelling refresh attempt: org.springframework.beans.factory.UnsatisfiedDependencyException: Error creating bean with name 'plcJmsListener': Unsatisfied dependency expressed through field 's7RestApi'; nested exception is org.springframework.beans.factory.NoSuchBeanDefinitionException: No qualifying bean of type 'ru.datana.steel.plc.rest.S7RestApi' available: expected at least 1 bean which qualifies as autowire candidate. Dependency annotations: {@org.springframework.beans.factory.annotation.Autowired(required=true)}
2020-04-28 19:08:34.088  INFO 25978 --- [main] r.d.steel.plc.jms.PlcJmsClientListener   : [JMS:СlientListener] Остановка Клиент-JMS-сервиса.
2020-04-28 19:08:34.099  INFO 25978 --- [main] ConditionEvaluationReportLoggingListener : 

Error starting ApplicationContext. To display the conditions report re-run your application with 'debug' enabled.
2020-04-28 19:08:34.204 ERROR 25978 --- [main] o.s.b.d.LoggingFailureAnalysisReporter   : 

***************************
APPLICATION FAILED TO START
***************************

Description:

Field s7RestApi in ru.datana.steel.plc.jms.PlcJmsServerListener required a bean of type 'ru.datana.steel.plc.rest.S7RestApi' that could not be found.

The injection point has the following annotations:
	- @org.springframework.beans.factory.annotation.Autowired(required=true)


Action:

Consider defining a bean of type 'ru.datana.steel.plc.rest.S7RestApi' in your configuration.

